[21:39:17] [ServerMain/ERROR]: Failed to load properties from file: server.properties
[21:39:17] [ServerMain/INFO]: Environment: authHost='https://authserver.mojang.com', accountsHost='https://api.mojang.com', sessionHost='https://sessionserver.mojang.com', servicesHost='https://api.minecraftservices.com', name='PROD'
[21:39:17] [ServerMain/INFO]: Loaded 7 recipes
[21:39:17] [ServerMain/INFO]: Loaded 1179 advancements
[21:39:18] [Server thread/INFO]: Starting minecraft server version 1.19.4
[21:39:18] [Server thread/INFO]: Loading properties
[21:39:18] [Server thread/INFO]: Default game type: SURVIVAL
[21:39:18] [Server thread/INFO]: Generating keypair
[21:39:18] [Server thread/INFO]: Starting Minecraft server on *:25565
[21:39:18] [Server thread/INFO]: Using epoll channel type
[21:39:18] [Server thread/INFO]: Preparing level "world"
[21:39:19] [Server thread/INFO]: Preparing start region for dimension minecraft:overworld
[21:39:20] [Worker-Main-8/INFO]: Preparing spawn area: 0%
[21:39:20] [Worker-Main-2/INFO]: Preparing spawn area: 0%
[21:39:20] [Worker-Main-14/INFO]: Preparing spawn area: 1%
[21:39:21] [Worker-Main-7/INFO]: Preparing spawn area: 4%
[21:39:21] [Worker-Main-2/INFO]: Preparing spawn area: 7%
[21:39:22] [Worker-Main-14/INFO]: Preparing spawn area: 12%
[21:39:22] [Worker-Main-10/INFO]: Preparing spawn area: 16%
[21:39:23] [Worker-Main-9/INFO]: Preparing spawn area: 23%
[21:39:23] [Worker-Main-1/INFO]: Preparing spawn area: 30%
[21:39:24] [Worker-Main-12/INFO]: Preparing spawn area: 37%
[21:39:24] [Worker-Main-9/INFO]: Preparing spawn area: 44%
[21:39:25] [Worker-Main-3/INFO]: Preparing spawn area: 50%
[21:39:25] [Worker-Main-12/INFO]: Preparing spawn area: 57%
[21:39:26] [Worker-Main-8/INFO]: Preparing spawn area: 65%
[21:39:26] [Worker-Main-6/INFO]: Preparing spawn area: 72%
[21:39:27] [Worker-Main-2/INFO]: Preparing spawn area: 80%
[21:39:27] [Worker-Main-15/INFO]: Preparing spawn area: 87%
[21:39:28] [Worker-Main-5/INFO]: Preparing spawn area: 96%
[21:39:28] [Server thread/INFO]: Time elapsed: 8659 ms
[21:39:28] [Server thread/INFO]: Done (10.226s)! For help, type "help"
